Arguments: 
  C:\Program Files\nodejs\node.exe C:\Users\vigne\AppData\Roaming\npm\node_modules\yarn\bin\yarn.js

PATH: 
  C:\Users\vigne\bin;C:\Program Files\Git\mingw64\bin;C:\Program Files\Git\usr\local\bin;C:\Program Files\Git\usr\bin;C:\Program Files\Git\usr\bin;C:\Program Files\Git\cmd;C:\Program Files\NVIDIA GPU Computing Toolkit\CUDA\v10.1\bin;C:\Program Files\NVIDIA GPU Computing Toolkit\CUDA\v10.1\libnvvp;C:\ProgramData\DockerDesktop\version-bin;C:\Program Files\Docker\Docker\Resources\bin;C:\ProgramData\Anaconda3;C:\ProgramData\Anaconda3\Library\mingw-w64\bin;C:\ProgramData\Anaconda3\Library\usr\bin;C:\ProgramData\Anaconda3\Library\bin;C:\ProgramData\Anaconda3\Scripts;C:\Windows\system32;C:\Windows;C:\Windows\System32\Wbem;C:\Windows\System32\WindowsPowerShell\v1.0;C:\Windows\System32\OpenSSH;C:\Program Files (x86)\NVIDIA Corporation\PhysX\Common;C:\Program Files\NVIDIA Corporation\NVIDIA NvDLISR;C:\Program Files\nodejs;C:\Users\vigne\AppData\Local\Programs\Microsoft VS Code Insiders\bin;C:\Users\vigne\AppData\Roaming\npm;C:\Program Files\NVIDIA Corporation\Nsight Compute 2019.1;C:\Program Files\NVIDIA GPU Computing Toolkit\CUDA\v10.1;C:\Program Files\NVIDIA GPU Computing Toolkit\CUDA\v10.1\extras\CUPTI\lib64;C:\Program Files\Git\cmd;C:\Program Files\NVIDIA Corporation\NVIDIA NGX;C:\Users\vigne\AppData\Local\Microsoft\WindowsApps;C:\Users\vigne\AppData\Roaming\npm;C:\Users\vigne\AppData\Local\hyper\app-2.1.2\resources\bin;C:\Users\vigne\AppData\Local\Programs\Microsoft VS Code Insiders\bin;C:\Program Files\Git\usr\bin\vendor_perl;C:\Program Files\Git\usr\bin\core_perl

Yarn version: 
  1.15.2

Node version: 
  10.15.3

Platform: 
  win32 x64

Trace: 
  Error: EPERM: operation not permitted, unlink 'C:\Users\vigne\AppData\Local\Yarn\Cache\v4\npm-lodash-4.17.11-b39ea6229ef607ecd89e2c8df12536891cac9b8d\node_modules\lodash\.yarn-tarball.tgz'

npm manifest: 
  {
    "name": "eskill-test-server",
    "version": "1.0.0",
    "main": "index.js",
    "license": "MIT",
    "dependencies": {
      "antd": "^3.13.0",
      "axios": "^0.18.0",
      "babel-cli": "^6.26.0",
      "babel-core": "^6.26.3",
      "babel-plugin-transform-class-properties": "^6.24.1",
      "babel-preset-env": "^1.7.0",
      "babel-preset-react": "^6.24.1",
      "babel-preset-stage-0": "^6.24.1",
      "bcrypt-nodejs": "0.0.3",
      "bluebird": "^3.5.3",
      "body-parser": "^1.18.3",
      "bootstrap": "^4.2.1",
      "cors": "^2.8.5",
      "express": "^4.16.4",
      "gridfs-stream": "^1.1.1",
      "http": "^0.0.0",
      "jsonwebtoken": "^8.4.0",
      "less": "2.7",
      "lodash": "^4.17.11",
      "method-override": "^3.0.0",
      "mongodb": "^3.1.12",
      "mongoose": "^5.4.5",
      "morgan": "^1.9.1",
      "multer": "^1.4.1",
      "multer-gridfs-storage": "^3.2.3",
      "parcel-bundler": "^1.11.0",
      "passport": "^0.4.0",
      "passport-jwt": "^4.0.0",
      "react": "^16.7.0",
      "react-dom": "^16.7.0",
      "react-router-dom": "^4.3.1",
      "serve-favicon": "^2.5.0"
    },
    "scripts": {
      "build": "parcel build ./src/index.html --out-dir build",
      "client": "parcel ./src/index.html --open",
      "start": "nodemon ./server/app",
      "production": "node ./server/app"
    },
    "devDependencies": {
      "babel-plugin-import": "^1.11.0",
      "nodemon": "^1.18.9"
    }
  }

yarn manifest: 
  No manifest

Lockfile: 
  No lockfile
